801720
4
57564
216
160
226200
60
4860
12192
3160992
1
40
588
720
11840
24
280
972
134700
100
40
48
72
250290
93150
121671
2900
1574100
2
291060
22800
18
135
133164
2079064
485568
645750
4706800
720
1068
234598
8
283179
9
813150
56
2289384
4
4590320
725220
168
24
1010
3
4
140236
1944
704250
11610
96
27840
173048
144
2
503010
712827
24150
1358640
30
144
1
780
685440
840
2916
11902176
675
8
60
157500
13780
334492
972
30
3864
36856
9204
4838400
689688
72
81650
72
4240
2424240
1080
384
6
233376
432
120
10440
20
2592
12468
6572475
810
18036
3359352
17
14200
376
139104
39780
576
23472
702
1
8164800
77
174
6348375
4060125
300
540
3278220
3348540
540
1944
2
25
98008
38304
1118880
48
4230
153855
2
24
4
40503
20
10
3132
6
2
624
136
9270
720
6
1634800
8960
364230
28800
5779620
80
6192
12
32076
207462
54
17433000
486
16524
2
6885
2
8
300
2058760
34638
188100
1768032
91476
66414
9
8490720
7776
616
8823600
18309
540
240
10
3729375
1025184
247212
24
90
2160
2209500
900
4
172992
38908
2800956
702
540
24640
27
9460
42
302940
69300
7560
19440
3218240
2160
58290
8
201696
980
10692
600
12
132
540
9352728
12976200
423
12075156
8
20
1181580
540000
126888
7915200
72
752
25
63072
414
90900
22500
9054180
648
140208
1400
1686300
180
6975072
1869840
12
420
87528
5400
6885
2428
4
36
72
5760
34048
5724000
97968
49815
4
1862400
8
48
5101380
2429640
1
1168
5
12
60
2
71000
30
308232
1
4320
108
582420
452608
1852560
162
384048
34
4992
2306880
3
24624
8000
1008
24
1456056
180
8886240
57528
15
8148276
6850
17901
3224832
1166400
579600
468
252
318848
8903040
283200
235926
287712
3391872
92
181560
1890
482400
12
45
2074320
1219860
1656
4
6
54
374400
24
59400
19500
336420
1020
1
387576
160
598080
192
127188
1120
364236
1
150
144
109350
46
38232
780
2073600
12
6480
120
24
35050
480
8731800
20
45
1074960
360620
189600
16440
3832164
1079325
132
5805
16
34056
1
25245
72
9616779
2
30600
46
2405700
11437920
36250
9421468
1
813120
15
450
60750
2
216
24
2228600
6000
123900
156
90
4307424
100
68616
2
2
275832
2062692
7998480
21600
10
12750
8
46
655
10
1000
80
14573484
72
12388760
2120832
153
240
1209600
6
1
1
12420
1
11664
183480
17976
35496
9720
11434800
2250
340
55800
448
30
84
3885975
1
10800
6480
36
440
848
3909760
486
5
268
32
747225
58320
9416088
8
45360
76800
349920
21440
5
2866200
616
3
900
180
1440
576288
88
42768
288
7040
1200
117936
12
2520
1
2208
46
240
12690
77130
1
11715210
2607300
18
96957
6
455742
914144
525075
22050
576216
54
2
1
221280
223380
1120
3147648
972
96
2160
486
960
8962272
5
4
1085400
180
72864
416
122808
20128
8
224
443210
400
49248
12443800
33480
2
4
6
10
96
144
12
397782
255
1387200
225
9128
83796
2016
780
160
341156
9450
48
690
14376
16
1350
6325632
19320
26328
4824
36
468
1008
818708
376560
61440
60
12
7360
2880
187332
8012664
171360
61056
15
8
1425600
4383540
42036
1
10068480
599760
145008
153648
7616
3
3498
3401216
1254160
12900
12
16
48576
1095330
4536
10368
138
1
1320
41904
1029600
792
1836
2412
2295
444
725
1042440
4680
1
150
1
24
43680
1
872928
216
12
10848
520020
624
308000
528
135132
1829520
1047424
3
48600
6327720
3297700
11236320
5263200
73080
112896
6951096
2020500
80
62532
454572
49850
568
701040
1582
2
3960
439560
690
36
7890720
40
2025
6926400
24
8535
27360
205884
264
6
56
42432
1682816
30
667278
30
2
146124
3792
2763072
405600
2013480
7792800
7560
24
1104
4723920
4
6
612
18368
60
817920
28728
1008
1
780
6193440
16272
18864
99450
1508
8
52785
11592000
48654
4110
714960
1979316
40
136
2
1
132864
3216
160356
16
456960
512028
11188800
1080
24
26520
8
150
5616
50
1
12
3
5120
1000332
770
477
1770660
74052
16826940
2
30960
18275220
2760
321408
12
175770
108
61056
76680
22632
97200
160
10
6
216
10093734
236487
600
22680
112428
8316
14976
4
12
280
33264
4658310
2958
490112
4272480
28
683424
420
2634496
44688
11462412
7308
48
10
2680
6
2
32
252
1
20
3780
72144
336
13284
90
792
2227407
20
1500
324
1134864
3156408
44280
116
349440
84
148716
289520
9348140
11726208
963
50184
8772660
2
874125
12
4
6451830
225000
1876176
20
6
138
8
17370
1950
1
103680
4
150
8283660
1
670212
840
23850
262980
2622
4140
638528
14900760
34020
560
30240
4244400
1230
396
240
14379768
4597560
6
8160
1020
16200
1134
40
3
1050
6
24
2720
1
504
38980
167880
594
33534
450
16
16
16
11780
357952
1269324
13500
91590
27840
48276
54
2286
74776
1
164325
347760
12
68040
7290
536
120
5100
3060
38250
225
14112
32
297
540
260
24
40
3528
252720
20097
408
1783584
18
3360
2340
41
1152
150
204
7872
1087830
1
2182400
2994992
2605760
18174
2160
2
148350
2400
3672
1652392
71280
7932978
1320312
1080
218080
208
16764
24
72
54660
21772476
3696
5026560
11700
281880
3554280
64
4
324
1620
11424
5904
128
352
126608
4
18
18252
241038
4
540
10512
1406904
1088640
180
31376
32
39659
120
12
1437072
59156
4
4
207360
5606245
74
5200
180
2291472
32
4374
92080
120
5520
470
9905700
315120
27560
170
48400
60
2938986
9449433
215784
1
7176960
47376
1420
2
3384
75
216
1
9450
1
10
324
28
2017560
1
4
108
4535946
750
57951
2
24
5617
10088
4
34560
916864
5376
19269600
3690
54600
8172
9938880
285480
6
1008000
4
4
6057342
336
2271510
1836
68040
18232290
2
10
9720
2390
1232
94656
10000
1593900
14880
2520
8
392
12
4848
72
167760
4429700
4320
4
12636
1
36
1404
194616
19440
1
3437748
1380240
42
95490
120
9180
4266
9664704
52
630000
2091096
1349952
5888
1
2340
17052
20
8
8579504
11790000
27
11745
4080
6
2070
3644
15176
614376
1986336
18
1992
6722244
28350
2
9870
53712
16
2040
10
2800
262
474192
9696
9411740
5346
45
82
6
480
3010560
18197460
624780
56
1403808
8
144
6253632
9450
2400
699952
3045488
5120
54
576
14
4470
576
670896
1098090
886200
1200
56460
554580
2
4
2084940
2240
389232
13265100
252840
12
43776
720
12
2340
1200
88
23200
84
1512
300
553500
174
4315136
44424
4712400
2
24
12960
1
318
2983068
2
2
12
12656160
486540
3
500
1188
540
540
154
216
55350
24
217260
10277736
213768
2
331938
30
216750
15474240
5502978
20897760
60
6992550
432
288936
168
144
2340
30
231957
212
3
144
16
2520720
3517920
1
1
112140
4200
809010
153090
1064745
98400
100
29700
4692
9903690
5312
4374
180
1230
1056330
16180560
8639544
328680
1512
1330560
480
12
252
345
756
2010
132
376
240
46656
960
23080200
72900
3816
6
12
954000
10240
10
62640
888192
3
18750
92400
20
101880
2
575
1386
2376
4032
180
810
28
723840
2400
8
80
4
2412990
2466
40
72
2688
106488
4
10560
21036960
369640
90
1920
924
148032
60
636
1620
20844720
18
10582650
1713600
1
4
615300
162
1188
1622752
247779
900
2982
54
493830
14925672
8566290
6120
248635
56592
2
2
10800
232
522
4
72
12600
11250
16
918
4
17939852
5
20
2926539
32
22436
648
36
69984
10
274482
32320
240
798
1082016
192
1
3905496
756
5845840
823440
3456
54
10
40368
2550
216
127920
75240
11470
212
90
288
10000
33152
75
11125400
1047420
27456
143712
6
255
2246400
990
7344000
810
14215500
16188
1200
2340
898560
24
200
1
120
5184000
32
1
50
21060
2
5270400
378
497250
6
25
4032
3864
107936
370
131172
8
24881472
346560
3
915840
152460
1
2700
324
408
225180
810
4
3068160
325
6983496
1072740
130
2390
1728
6
8320
3607416
19503792
3550
126000
35100
216
126672
91692
76560
216
45
38160
2700
44
5472
199260
352
611460
30
20948160
29440
656
2958
2909523
300
24
21870
2500
2
2
5472
188298
6960
44215524
15993552
1
578412
60060
17222400
10
7419600
216
8224
17446800
816480
589680
492
29160
106335
432
1
1647300
48
103020
4368
12480
100368
13389
19800
4968
13427640
10405800
144
